2025-12-19 19:13:24,088 INFO:main.py:246:print_splash_screen:PDB2PQR v3.7.1: biomolecular structure conversion software.
2025-12-19 19:13:24,088 INFO:main.py:248:print_splash_screen:Please cite:  Jurrus E, et al.  Improvements to the APBS biomolecular solvation software suite.  Protein Sci 27 112-128 (2018).
2025-12-19 19:13:24,088 INFO:main.py:248:print_splash_screen:Please cite:  Dolinsky TJ, et al.  PDB2PQR: expanding and upgrading automated preparation of biomolecular structures for molecular simulations. Nucleic Acids Res 35 W522-W525 (2007).
2025-12-19 19:13:24,088 INFO:main.py:770:main_driver:Checking and transforming input arguments.
2025-12-19 19:13:24,088 INFO:main.py:774:main_driver:Loading topology files.
2025-12-19 19:13:24,125 INFO:main.py:776:main_driver:Loading molecule: myc_max_rcsb.pdb
2025-12-19 19:13:24,126 ERROR:pdb.py:2587:read_pdb:Error parsing line: invalid literal for int() with base 10: ''
2025-12-19 19:13:24,126 ERROR:pdb.py:2588:read_pdb:<REMARK     285 UNITARY VALUES FOR THE UNIT CELL AUTOMATICALLY SET>
2025-12-19 19:13:24,126 ERROR:pdb.py:2589:read_pdb:Truncating remaining errors for record type:REMARK
2025-12-19 19:13:24,129 WARNING:io.py:474:get_molecule:Warning: myc_max_rcsb.pdb is a non-standard PDB file.

2025-12-19 19:13:24,129 ERROR:io.py:475:get_molecule:['REMARK']
2025-12-19 19:13:24,130 INFO:main.py:779:main_driver:Dropping water from structure.
2025-12-19 19:13:24,130 INFO:main.py:781:main_driver:Setting up molecule.
2025-12-19 19:13:24,133 INFO:main.py:423:setup_molecule:Created biomolecule object with 153 residues and 1288 atoms.
2025-12-19 19:13:24,133 INFO:main.py:785:main_driver:Setting termini states for biomolecule chains.
2025-12-19 19:13:24,136 INFO:main.py:616:non_trivial:Loading forcefield.
2025-12-19 19:13:24,140 INFO:main.py:620:non_trivial:Loading hydrogen topology definitions.
2025-12-19 19:13:24,142 WARNING:biomolecule.py:157:num_missing_heavy:Missing atom OXT in residue LEU B 281
2025-12-19 19:13:24,142 WARNING:biomolecule.py:157:num_missing_heavy:Missing atom OXT in residue LEU B 281
2025-12-19 19:13:24,142 INFO:main.py:630:non_trivial:Attempting to repair 1 missing atoms in biomolecule.
2025-12-19 19:13:24,143 WARNING:biomolecule.py:157:num_missing_heavy:Missing atom OXT in residue LEU B 281
2025-12-19 19:13:24,143 INFO:biomolecule.py:1080:repair_heavy:Added atom OXT to residue LEU B 281 at coordinates -35.049, 30.884, 145.484
2025-12-19 19:13:24,143 INFO:main.py:635:non_trivial:Updating disulfide bridges.
2025-12-19 19:13:24,144 INFO:main.py:638:non_trivial:Debumping biomolecule.
2025-12-19 19:13:24,173 INFO:main.py:645:non_trivial:Assigning titration states with PROPKA.
2025-12-19 19:13:24,180 INFO:output.py:74:print_header:
propka3.5.1                                                                                  2025-12-19

-------------------------------------------------------------------------------
--                                                                           --
--  PROPKA: A PROTEIN PKA PREDICTOR                                          --
--                                                                           --
--  VERSION 1.0,  04/25/2004,  IOWA CITY                                     --
--  BY HUI LI                                                                --
--                                                                           --
--  VERSION 2.0,  11/05/2007, IOWA CITY/COPENHAGEN                           --
--  BY DELPHINE C. BAS AND DAVID M. ROGERS                                   --
--                                                                           --
--  VERSION 3.0,  01/06/2011, COPENHAGEN                                     --
--  BY MATS H.M. OLSSON AND CHRESTEN R. SONDERGARD                           --
--                                                                           --
--  VERSION 3.1,  07/01/2011, COPENHAGEN                                     --
--  BY CHRESTEN R. SONDERGARD AND MATS H.M. OLSSON                           --
--                                                                           --
--  VERSION 3.2,  06/17/2020, PLANET EARTH                                   --
--  SEE ABOVE FOR AUTHORS                                                    --
--                                                                           --
-------------------------------------------------------------------------------


-------------------------------------------------------------------------------
References:

Very Fast Empirical Prediction and Rationalization of Protein pKa Values.
Hui Li, Andrew D. Robertson and Jan H. Jensen. PROTEINS: Structure, Function,
and Bioinformatics. 61:704-721 (2005)

Very Fast Prediction and Rationalization of pKa Values for Protein-Ligand
Complexes.  Delphine C. Bas, David M. Rogers and Jan H. Jensen.  PROTEINS:
Structure, Function, and Bioinformatics 73:765-783 (2008)

PROPKA3: Consistent Treatment of Internal and Surface Residues in Empirical
pKa predictions.  Mats H.M. Olsson, Chresten R. Sondergard, Michal Rostkowski,
and Jan H. Jensen.  Journal of Chemical Theory and Computation, 7(2):525-537
(2011)

Improved Treatment of Ligands and Coupling Effects in Empirical Calculation
and Rationalization of pKa Values.  Chresten R. Sondergaard, Mats H.M. Olsson,
Michal Rostkowski, and Jan H. Jensen.  Journal of Chemical Theory and
Computation, (2011)
-------------------------------------------------------------------------------



2025-12-19 19:13:24,225 INFO:conformation_container.py:124:find_covalently_coupled_groups:Coupling map:

2025-12-19 19:13:24,225 INFO:conformation_container.py:213:calculate_pka:Calculating pKas for Conformation container 1A with 1593 atoms and 403 groups
2025-12-19 19:13:24,349 INFO:output.py:225:print_pka_section:pKa determinants:

---------  -----   ------   ---------------------    --------------    --------------    --------------
                            DESOLVATION  EFFECTS       SIDECHAIN          BACKBONE        COULOMBIC
 RESIDUE    pKa    BURIED     REGULAR      RE        HYDROGEN BOND     HYDROGEN BOND      INTERACTION
---------  -----   ------   ---------   ---------    --------------    --------------    --------------

ASP 926 A   3.50     8 %    0.59  304   0.07    0   -0.60 ARG 925 A    0.00 XXX   0 X   -0.35 ARG 925 A

ASP 965 A   3.51     0 %    0.36  245   0.00    0   -0.45 ARG 968 A    0.00 XXX   0 X    0.11 GLU 964 A
ASP 965 A                                            0.00 XXX   0 X    0.00 XXX   0 X   -0.03 HIS 260 B
ASP 965 A                                            0.00 XXX   0 X    0.00 XXX   0 X   -0.28 ARG 968 A

GLU 910 A   4.28     0 %    0.26  151   0.00    0   -0.05 HIS 906 A    0.00 XXX   0 X   -0.24 ARG 913 A
GLU 910 A                                            0.00 XXX   0 X    0.00 XXX   0 X   -0.15 ARG 914 A
GLU 910 A                                            0.00 XXX   0 X    0.00 XXX   0 X   -0.04 ARG 239 B

GLU 916 A   3.58     0 %    0.29  225   0.00    0   -0.83 ARG 919 A    0.00 XXX   0 X   -0.38 ARG 919 A

GLU 930 A   3.54     0 %    0.22  221   0.00    0   -0.80 LYS 945 A    0.00 XXX   0 X   -0.38 LYS 945 A

GLU 932 A   4.69     0 %    0.21  225   0.00    0    0.00 XXX   0 X    0.00 XXX   0 X   -0.01 ARG 925 A
GLU 932 A                                            0.00 XXX   0 X    0.00 XXX   0 X   -0.08 ARG 254 B
GLU 932 A                                            0.00 XXX   0 X    0.00 XXX   0 X    0.07 ASP 926 A

GLU 935 A   4.53     0 %    0.08  111   0.00    0    0.00 XXX   0 X    0.00 XXX   0 X   -0.00 LYS 918 A
GLU 935 A                                            0.00 XXX   0 X    0.00 XXX   0 X   -0.04 ARG 925 A

GLU 956 A   4.90     3 %    0.42  291   0.02    0    0.00 XXX   0 X    0.00 XXX   0 X   -0.19 LYS 959 A
GLU 956 A                                            0.00 XXX   0 X    0.00 XXX   0 X    0.02 GLU 957 A
GLU 956 A                                            0.00 XXX   0 X    0.00 XXX   0 X    0.13 GLU 963 A

GLU 957 A   4.71    13 %    1.01  319   0.00    0   -0.15 HIS 260 B    0.00 XXX   0 X   -0.28 LYS 256 B
GLU 957 A                                            0.00 XXX   0 X    0.00 XXX   0 X    0.06 GLU 964 A
GLU 957 A                                            0.00 XXX   0 X    0.00 XXX   0 X   -0.42 HIS 260 B

GLU 963 A   4.46     0 %    0.39  269   0.00    0    0.00 XXX   0 X    0.00 XXX   0 X   -0.27 LYS 959 A
GLU 963 A                                            0.00 XXX   0 X    0.00 XXX   0 X   -0.20 LYS 268 B
GLU 963 A                                            0.00 XXX   0 X    0.00 XXX   0 X    0.01 GLU 964 A
GLU 963 A                                            0.00 XXX   0 X    0.00 XXX   0 X    0.03 ASP 265 B

GLU 964 A   3.25     7 %    0.70  302   0.05    0   -0.48 ARG 968 A    0.00 XXX   0 X   -0.01 ARG 971 A
GLU 964 A                                           -0.83 HIS 260 B    0.00 XXX   0 X   -0.05 LYS 256 B
GLU 964 A                                            0.00 XXX   0 X    0.00 XXX   0 X   -0.31 ARG 968 A
GLU 964 A                                            0.00 XXX   0 X    0.00 XXX   0 X   -0.32 HIS 260 B

GLU 972 A   3.38     0 %    0.27  176   0.00    0   -0.77 LYS 969 A    0.00 XXX   0 X   -0.02 ARG 971 A
GLU 972 A                                            0.00 XXX   0 X    0.00 XXX   0 X   -0.22 HIS 976 A
GLU 972 A                                            0.00 XXX   0 X    0.00 XXX   0 X   -0.38 LYS 969 A

GLU 979 A   3.99     0 %    0.29  178   0.00    0   -0.10 ASN 983 A    0.00 XXX   0 X   -0.03 LYS 975 A
GLU 979 A                                           -0.39 ARG 982 A    0.00 XXX   0 X   -0.02 HIS 976 A
GLU 979 A                                            0.00 XXX   0 X    0.00 XXX   0 X   -0.26 ARG 982 A

C-  984 A   3.33     0 %    0.13   96   0.00    0    0.00 XXX   0 X    0.00 XXX   0 X    0.00 XXX   0 X

HIS 906 A   6.45     0 %   -0.17   97   0.00    0    0.05 GLU 910 A    0.07 HIS 906 A    0.00 XXX   0 X

HIS 976 A   6.33     0 %   -0.25  195   0.00    0    0.00 XXX   0 X    0.00 XXX   0 X   -0.15 LYS 969 A
HIS 976 A                                            0.00 XXX   0 X    0.00 XXX   0 X   -0.01 LYS 975 A
HIS 976 A                                            0.00 XXX   0 X    0.00 XXX   0 X    0.22 GLU 972 A
HIS 976 A                                            0.00 XXX   0 X    0.00 XXX   0 X    0.02 GLU 979 A

TYR 949 A  10.25    32 %    0.91  371   0.00    0   -0.30 ARG 254 B    0.00 XXX   0 X    0.03 GLU 932 A
TYR 949 A                                            0.00 XXX   0 X    0.00 XXX   0 X    0.00 GLU 956 A
TYR 949 A                                            0.00 XXX   0 X    0.00 XXX   0 X   -0.39 ARG 254 B

LYS 918 A  10.30     0 %   -0.19  212   0.00    0    0.00 XXX   0 X    0.00 XXX   0 X   -0.00 ARG 919 A
LYS 918 A                                            0.00 XXX   0 X    0.00 XXX   0 X   -0.01 ARG 925 A
LYS 918 A                                            0.00 XXX   0 X    0.00 XXX   0 X    0.00 GLU 935 A

LYS 936 A  10.26     0 %   -0.21  177   0.00    0    0.00 XXX   0 X    0.00 XXX   0 X   -0.04 LYS 945 A

LYS 939 A   9.75    20 %   -0.40  337   0.00    0    0.00 XXX   0 X    0.00 XXX   0 X    0.02 GLU 211 B
LYS 939 A                                            0.00 XXX   0 X    0.00 XXX   0 X   -0.25 ARG 214 B
LYS 939 A                                            0.00 XXX   0 X    0.00 XXX   0 X   -0.01 ARG 215 B
LYS 939 A                                            0.00 XXX   0 X    0.00 XXX   0 X   -0.05 ARG 239 B
LYS 939 A                                            0.00 XXX   0 X    0.00 XXX   0 X   -0.05 LYS 918 A

LYS 944 A  10.34     0 %   -0.18  237   0.00    0    0.00 XXX   0 X    0.00 XXX   0 X    0.02 ASP 220 B

LYS 945 A  11.35     0 %   -0.33  247   0.00    0    0.80 GLU 930 A    0.00 XXX   0 X    0.38 GLU 930 A

LYS 959 A  10.82     0 %   -0.13  186   0.00    0    0.00 XXX   0 X    0.00 XXX   0 X    0.19 GLU 956 A
LYS 959 A                                            0.00 XXX   0 X    0.00 XXX   0 X    0.27 GLU 963 A

LYS 969 A  11.03     0 %   -0.60  199   0.00    0    0.77 GLU 972 A    0.00 XXX   0 X   -0.01 ARG 970 A
LYS 969 A                                            0.00 XXX   0 X    0.00 XXX   0 X   -0.00 ARG 971 A
LYS 969 A                                            0.00 XXX   0 X    0.00 XXX   0 X    0.38 GLU 972 A

LYS 975 A  10.11     0 %   -0.24  255   0.00    0    0.00 XXX   0 X    0.00 XXX   0 X   -0.15 ARG 971 A
LYS 975 A                                            0.00 XXX   0 X    0.00 XXX   0 X    0.03 GLU 979 A
LYS 975 A                                            0.00 XXX   0 X    0.00 XXX   0 X   -0.02 ARG 982 A

LYS 977 A  10.37     0 %   -0.17  214   0.00    0    0.00 XXX   0 X    0.00 XXX   0 X   -0.11 ARG 970 A
LYS 977 A                                            0.00 XXX   0 X    0.00 XXX   0 X    0.19 GLU 275 B
LYS 977 A                                            0.00 XXX   0 X    0.00 XXX   0 X   -0.05 ARG 279 B
LYS 977 A                                            0.00 XXX   0 X    0.00 XXX   0 X    0.01 C-  281 B

ARG 911 A  12.19     0 %   -0.16  118   0.00    0    0.00 XXX   0 X    0.00 XXX   0 X   -0.15 ARG 914 A

ARG 913 A  12.52     0 %   -0.23  174   0.00    0    0.00 XXX   0 X    0.00 XXX   0 X    0.24 GLU 910 A

ARG 914 A  12.37     0 %   -0.28  167   0.00    0    0.00 XXX   0 X    0.00 XXX   0 X    0.15 GLU 910 A

ARG 919 A  13.35     0 %   -0.36  196   0.00    0    0.83 GLU 916 A    0.00 XXX   0 X    0.38 GLU 916 A

ARG 925 A  12.90     2 %   -0.61  286   0.00    0    0.60 ASP 926 A    0.00 XXX   0 X    0.01 GLU 932 A
ARG 925 A                                            0.00 XXX   0 X    0.00 XXX   0 X    0.04 GLU 935 A
ARG 925 A                                            0.00 XXX   0 X    0.00 XXX   0 X    0.35 ASP 926 A

ARG 968 A  13.70     0 %   -0.37  270   0.00    0    0.48 GLU 964 A    0.00 XXX   0 X    0.06 ASP 263 B
ARG 968 A                                            0.45 ASP 965 A    0.00 XXX   0 X    0.31 GLU 964 A
ARG 968 A                                            0.00 XXX   0 X    0.00 XXX   0 X    0.28 ASP 965 A

ARG 970 A  12.49     0 %   -0.31  265   0.00    0    0.06 GLU 275 B    0.00 XXX   0 X    0.30 GLU 275 B
ARG 970 A                                            0.00 XXX   0 X    0.00 XXX   0 X   -0.06 ARG 279 B

ARG 971 A  12.09     0 %   -0.35  280   0.00    0    0.00 XXX   0 X    0.00 XXX   0 X    0.01 GLU 964 A
ARG 971 A                                            0.00 XXX   0 X    0.00 XXX   0 X    0.02 GLU 972 A
ARG 971 A                                            0.00 XXX   0 X    0.00 XXX   0 X   -0.09 ARG 968 A

ARG 982 A  12.85     0 %   -0.31  197   0.00    0    0.39 GLU 979 A    0.00 XXX   0 X    0.26 GLU 979 A

N+  905 A   7.76     0 %   -0.24   82   0.00    0    0.00 XXX   0 X    0.00 XXX   0 X    0.00 XXX   0 X

ASP 216 B   4.07     0 %    0.25  177   0.00    0    0.00 XXX   0 X    0.00 XXX   0 X   -0.15 LYS 219 B
ASP 216 B                                            0.00 XXX   0 X    0.00 XXX   0 X   -0.13 HIS 217 B
ASP 216 B                                            0.00 XXX   0 X    0.00 XXX   0 X    0.33 ASP 220 B
ASP 216 B                                            0.00 XXX   0 X    0.00 XXX   0 X   -0.03 HIS 223 B

ASP 220 B   3.74     0 %    0.30  209   0.00    0    0.00 XXX   0 X    0.00 XXX   0 X   -0.02 LYS 944 A
ASP 220 B                                            0.00 XXX   0 X    0.00 XXX   0 X   -0.10 LYS 219 B
ASP 220 B                                            0.00 XXX   0 X    0.00 XXX   0 X   -0.11 HIS 217 B
ASP 220 B                                            0.00 XXX   0 X    0.00 XXX   0 X   -0.13 HIS 223 B

ASP 227 B   3.03     0 %    0.44  279   0.00    0   -0.63 ARG 226 B    0.00 XXX   0 X   -0.08 LYS 236 B
ASP 227 B                                            0.00 XXX   0 X    0.00 XXX   0 X   -0.13 HIS 223 B
ASP 227 B                                            0.00 XXX   0 X    0.00 XXX   0 X   -0.38 ARG 226 B

ASP 244 B   4.10    24 %    0.82  349   0.19    0   -0.72 SER 920 A    0.00 XXX   0 X   -0.09 LYS 245 B
ASP 244 B                                            0.00 XXX   0 X    0.00 XXX   0 X    0.10 GLU 916 A

ASP 263 B   4.40     0 %    0.40  271   0.00    0    0.00 XXX   0 X    0.00 XXX   0 X   -0.06 ARG 968 A
ASP 263 B                                            0.00 XXX   0 X    0.00 XXX   0 X   -0.03 LYS 256 B
ASP 263 B                                            0.00 XXX   0 X    0.00 XXX   0 X    0.29 GLU 964 A
ASP 263 B                                            0.00 XXX   0 X    0.00 XXX   0 X   -0.16 HIS 260 B
ASP 263 B                                            0.00 XXX   0 X    0.00 XXX   0 X    0.01 ASP 265 B
ASP 263 B                                            0.00 XXX   0 X    0.00 XXX   0 X    0.14 ASP 266 B

ASP 265 B   3.96     0 %    0.40  233   0.00    0    0.00 XXX   0 X    0.00 XXX   0 X   -0.18 LYS 268 B
ASP 265 B                                            0.00 XXX   0 X    0.00 XXX   0 X   -0.15 ARG 269 B
ASP 265 B                                            0.00 XXX   0 X    0.00 XXX   0 X    0.09 ASP 266 B

ASP 266 B   3.37     0 %    0.33  213   0.00    0   -0.48 ARG 269 B    0.00 XXX   0 X    0.01 GLU 964 A
ASP 266 B                                            0.00 XXX   0 X    0.00 XXX   0 X   -0.28 ARG 269 B

GLU 211 B   4.22     0 %    0.17  129   0.00    0    0.00 XXX   0 X    0.00 XXX   0 X   -0.02 LYS 939 A
GLU 211 B                                            0.00 XXX   0 X    0.00 XXX   0 X   -0.21 ARG 214 B
GLU 211 B                                            0.00 XXX   0 X    0.00 XXX   0 X   -0.21 ARG 215 B

GLU 235 B   4.67     0 %    0.25  193   0.00    0    0.00 XXX   0 X    0.00 XXX   0 X   -0.08 LYS 245 B

GLU 248 B   4.73     1 %    0.35  285   0.00    0    0.00 XXX   0 X    0.00 XXX   0 X   -0.11 LYS 245 B
GLU 248 B                                            0.00 XXX   0 X    0.00 XXX   0 X   -0.02 ARG 255 B

GLU 275 B   4.03     0 %    0.40  249   0.00    0   -0.06 ARG 970 A    0.00 XXX   0 X   -0.30 ARG 970 A
GLU 275 B                                            0.00 XXX   0 X    0.00 XXX   0 X   -0.19 LYS 977 A
GLU 275 B                                            0.00 XXX   0 X    0.00 XXX   0 X   -0.33 ARG 279 B

C-  281 B   3.39     0 %    0.20  155   0.00    0    0.00 XXX   0 X    0.00 XXX   0 X   -0.01 LYS 977 A

HIS 217 B   6.32     0 %   -0.26  198   0.00    0    0.00 XXX   0 X    0.00 XXX   0 X   -0.14 LYS 944 A
HIS 217 B                                            0.00 XXX   0 X    0.00 XXX   0 X   -0.02 LYS 213 B
HIS 217 B                                            0.00 XXX   0 X    0.00 XXX   0 X    0.13 ASP 216 B
HIS 217 B                                            0.00 XXX   0 X    0.00 XXX   0 X    0.11 ASP 220 B

HIS 223 B   5.62     0 %   -0.38  270   0.00    0    0.00 XXX   0 X    0.00 XXX   0 X   -0.17 LYS 219 B
HIS 223 B                                            0.00 XXX   0 X    0.00 XXX   0 X   -0.30 ARG 226 B
HIS 223 B                                            0.00 XXX   0 X    0.00 XXX   0 X   -0.32 LYS 236 B
HIS 223 B                                            0.00 XXX   0 X    0.00 XXX   0 X    0.03 ASP 216 B
HIS 223 B                                            0.00 XXX   0 X    0.00 XXX   0 X    0.13 ASP 220 B
HIS 223 B                                            0.00 XXX   0 X    0.00 XXX   0 X    0.13 ASP 227 B

HIS 258 B   6.07     0 %   -0.30  282   0.00    0    0.00 XXX   0 X    0.00 XXX   0 X   -0.10 ARG 254 B
HIS 258 B                                            0.00 XXX   0 X    0.00 XXX   0 X   -0.03 ARG 255 B

HIS 260 B   7.46     7 %   -0.63  302   0.00    0    0.15 GLU 957 A    0.00 XXX   0 X   -0.05 ARG 968 A
HIS 260 B                                            0.83 GLU 964 A    0.00 XXX   0 X   -0.27 LYS 256 B
HIS 260 B                                            0.00 XXX   0 X    0.00 XXX   0 X    0.03 ASP 965 A
HIS 260 B                                            0.00 XXX   0 X    0.00 XXX   0 X    0.16 ASP 263 B
HIS 260 B                                            0.00 XXX   0 X    0.00 XXX   0 X    0.42 GLU 957 A
HIS 260 B                                            0.00 XXX   0 X    0.00 XXX   0 X    0.32 GLU 964 A

TYR 249 B  10.80    32 %    1.39  370   0.00    0   -0.78 GLN 954 A    0.00 XXX   0 X    0.08 GLU 957 A
TYR 249 B                                            0.00 XXX   0 X    0.00 XXX   0 X    0.02 GLU 248 B
TYR 249 B                                            0.00 XXX   0 X    0.00 XXX   0 X    0.09 TYR 252 B

TYR 252 B  10.17     0 %    0.31  260   0.00    0    0.00 XXX   0 X    0.00 XXX   0 X    0.12 GLU 957 A
TYR 252 B                                            0.00 XXX   0 X    0.00 XXX   0 X    0.05 GLU 248 B
TYR 252 B                                            0.00 XXX   0 X    0.00 XXX   0 X   -0.31 LYS 256 B

LYS 213 B   9.88     0 %   -0.62   96   0.00    0    0.00 XXX   0 X    0.00 XXX   0 X    0.00 XXX   0 X

LYS 219 B  10.63     0 %   -0.12  174   0.00    0    0.00 XXX   0 X    0.00 XXX   0 X    0.15 ASP 216 B
LYS 219 B                                            0.00 XXX   0 X    0.00 XXX   0 X    0.10 ASP 220 B

LYS 236 B   9.81     0 %   -0.32  215   0.00    0    0.00 XXX   0 X    0.00 XXX   0 X   -0.36 ARG 226 B
LYS 236 B                                            0.00 XXX   0 X    0.00 XXX   0 X    0.08 ASP 227 B
LYS 236 B                                            0.00 XXX   0 X    0.00 XXX   0 X   -0.08 LYS 219 B

LYS 245 B  10.58     0 %   -0.19  252   0.00    0    0.00 XXX   0 X    0.00 XXX   0 X    0.08 GLU 235 B
LYS 245 B                                            0.00 XXX   0 X    0.00 XXX   0 X    0.09 ASP 244 B
LYS 245 B                                            0.00 XXX   0 X    0.00 XXX   0 X    0.11 GLU 248 B

LYS 256 B  10.92     0 %   -0.26  255   0.00    0    0.00 XXX   0 X    0.00 XXX   0 X    0.28 GLU 957 A
LYS 256 B                                            0.00 XXX   0 X    0.00 XXX   0 X    0.05 GLU 964 A
LYS 256 B                                            0.00 XXX   0 X    0.00 XXX   0 X    0.03 ASP 263 B
LYS 256 B                                            0.00 XXX   0 X    0.00 XXX   0 X    0.31 TYR 252 B

LYS 268 B  10.61     0 %   -0.24  258   0.00    0    0.00 XXX   0 X    0.00 XXX   0 X    0.20 GLU 963 A
LYS 268 B                                            0.00 XXX   0 X    0.00 XXX   0 X    0.18 ASP 265 B
LYS 268 B                                            0.00 XXX   0 X    0.00 XXX   0 X   -0.03 LYS 959 A

ARG 212 B  12.23     0 %   -0.27   83   0.00    0    0.00 XXX   0 X    0.00 XXX   0 X    0.00 XXX   0 X

ARG 214 B  12.34     0 %   -0.27  243   0.00    0    0.00 XXX   0 X    0.00 XXX   0 X    0.21 GLU 211 B
ARG 214 B                                            0.00 XXX   0 X    0.00 XXX   0 X   -0.11 ARG 215 B

ARG 215 B  12.56     0 %   -0.15  175   0.00    0    0.00 XXX   0 X    0.00 XXX   0 X    0.21 GLU 211 B

ARG 226 B  13.06     0 %   -0.45  274   0.00    0    0.63 ASP 227 B    0.00 XXX   0 X    0.38 ASP 227 B

ARG 239 B  11.97    28 %   -0.51  361   0.00    0    0.00 XXX   0 X    0.00 XXX   0 X    0.04 GLU 910 A
ARG 239 B                                            0.00 XXX   0 X    0.00 XXX   0 X   -0.04 ARG 913 A
ARG 239 B                                            0.00 XXX   0 X    0.00 XXX   0 X   -0.02 ARG 215 B

ARG 254 B  12.61    20 %   -0.66  337   0.00    0    0.30 TYR 949 A    0.00 XXX   0 X    0.08 GLU 932 A
ARG 254 B                                            0.00 XXX   0 X    0.00 XXX   0 X    0.39 TYR 949 A

ARG 255 B  12.24     0 %   -0.19  197   0.00    0    0.00 XXX   0 X    0.00 XXX   0 X    0.02 GLU 248 B
ARG 255 B                                            0.00 XXX   0 X    0.00 XXX   0 X   -0.09 ARG 254 B

ARG 269 B  13.15     0 %   -0.26  174   0.00    0    0.48 ASP 266 B    0.00 XXX   0 X    0.15 ASP 265 B
ARG 269 B                                            0.00 XXX   0 X    0.00 XXX   0 X    0.28 ASP 266 B

ARG 279 B  12.62     0 %   -0.21  159   0.00    0    0.00 XXX   0 X    0.00 XXX   0 X    0.33 GLU 275 B

N+  209 B   7.85     0 %   -0.15   72   0.00    0    0.00 XXX   0 X    0.00 XXX   0 X    0.00 XXX   0 X


2025-12-19 19:13:24,349 INFO:output.py:227:print_pka_section:pKa summary:
--------------------------------------------------------------------------------------------------------
SUMMARY OF THIS PREDICTION
       Group      pKa  model-pKa   ligand atom-type
   ASP 926 A     3.50       3.80                      
   ASP 965 A     3.51       3.80                      
   ASP 216 B     4.07       3.80                      
   ASP 220 B     3.74       3.80                      
   ASP 227 B     3.03       3.80                      
   ASP 244 B     4.10       3.80                      
   ASP 263 B     4.40       3.80                      
   ASP 265 B     3.96       3.80                      
   ASP 266 B     3.37       3.80                      
   GLU 910 A     4.28       4.50                      
   GLU 916 A     3.58       4.50                      
   GLU 930 A     3.54       4.50                      
   GLU 932 A     4.69       4.50                      
   GLU 935 A     4.53       4.50                      
   GLU 956 A     4.90       4.50                      
   GLU 957 A     4.71       4.50                      
   GLU 963 A     4.46       4.50                      
   GLU 964 A     3.25       4.50                      
   GLU 972 A     3.38       4.50                      
   GLU 979 A     3.99       4.50                      
   GLU 211 B     4.22       4.50                      
   GLU 235 B     4.67       4.50                      
   GLU 248 B     4.73       4.50                      
   GLU 275 B     4.03       4.50                      
   C-  984 A     3.33       3.20                      
   C-  281 B     3.39       3.20                      
   HIS 906 A     6.45       6.50                      
   HIS 976 A     6.33       6.50                      
   HIS 217 B     6.32       6.50                      
   HIS 223 B     5.62       6.50                      
   HIS 258 B     6.07       6.50                      
   HIS 260 B     7.46       6.50                      
   TYR 949 A    10.25      10.00                      
   TYR 249 B    10.80      10.00                      
   TYR 252 B    10.17      10.00                      
   LYS 918 A    10.30      10.50                      
   LYS 936 A    10.26      10.50                      
   LYS 939 A     9.75      10.50                      
   LYS 944 A    10.34      10.50                      
   LYS 945 A    11.35      10.50                      
   LYS 959 A    10.82      10.50                      
   LYS 969 A    11.03      10.50                      
   LYS 975 A    10.11      10.50                      
   LYS 977 A    10.37      10.50                      
   LYS 213 B     9.88      10.50                      
   LYS 219 B    10.63      10.50                      
   LYS 236 B     9.81      10.50                      
   LYS 245 B    10.58      10.50                      
   LYS 256 B    10.92      10.50                      
   LYS 268 B    10.61      10.50                      
   ARG 911 A    12.19      12.50                      
   ARG 913 A    12.52      12.50                      
   ARG 914 A    12.37      12.50                      
   ARG 919 A    13.35      12.50                      
   ARG 925 A    12.90      12.50                      
   ARG 968 A    13.70      12.50                      
   ARG 970 A    12.49      12.50                      
   ARG 971 A    12.09      12.50                      
   ARG 982 A    12.85      12.50                      
   ARG 212 B    12.23      12.50                      
   ARG 214 B    12.34      12.50                      
   ARG 215 B    12.56      12.50                      
   ARG 226 B    13.06      12.50                      
   ARG 239 B    11.97      12.50                      
   ARG 254 B    12.61      12.50                      
   ARG 255 B    12.24      12.50                      
   ARG 269 B    13.15      12.50                      
   ARG 279 B    12.62      12.50                      
   N+  905 A     7.76       8.00                      
   N+  209 B     7.85       8.00                      

2025-12-19 19:13:24,361 INFO:main.py:648:non_trivial:PROPKA information:
--------------------------------------------------------------------------------------------------------
Free energy of   folding (kcal/mol) as a function of pH (using neutral reference)
  0.00     12.23
  1.00     12.22
  2.00     12.11
  3.00     11.22
  4.00      8.27
  5.00      6.00
  6.00      5.06
  7.00      4.45
  8.00      4.40
  9.00      4.19
 10.00      3.73
 11.00      4.01
 12.00      4.64
 13.00      5.93
 14.00      7.53

The pH of optimum stability is 10.3 for which the free energy is    3.7 kcal/mol at 298K
Could not determine pH values where the free energy is within 80 % of minimum
Could not determine the pH-range where the free energy is negative


Protein charge of folded and unfolded state as a function of pH
    pH  unfolded  folded
  0.00     41.00   40.99
  0.10     41.00   40.99
  0.20     40.99   40.99
  0.30     40.99   40.99
  0.40     40.99   40.99
  0.50     40.99   40.98
  0.60     40.99   40.98
  0.70     40.98   40.97
  0.80     40.98   40.97
  0.90     40.97   40.96
  1.00     40.97   40.95
  1.10     40.96   40.93
  1.20     40.95   40.92
  1.30     40.94   40.89
  1.40     40.92   40.87
  1.50     40.90   40.83
  1.60     40.88   40.79
  1.70     40.84   40.74
  1.80     40.80   40.67
  1.90     40.75   40.59
  2.00     40.69   40.49
  2.10     40.62   40.36
  2.20     40.52   40.21
  2.30     40.41   40.02
  2.40     40.26   39.79
  2.50     40.09   39.51
  2.60     39.88   39.17
  2.70     39.62   38.78
  2.80     39.32   38.32
  2.90     38.96   37.78
  3.00     38.53   37.17
  3.10     38.04   36.47
  3.20     37.47   35.71
  3.30     36.83   34.87
  3.40     36.10   33.96
  3.50     35.29   32.99
  3.60     34.40   31.98
  3.70     33.43   30.93
  3.80     32.39   29.85
  3.90     31.29   28.76
  4.00     30.13   27.66
  4.10     28.93   26.56
  4.20     27.71   25.47
  4.30     26.47   24.40
  4.40     25.24   23.36
  4.50     24.03   22.36
  4.60     22.87   21.40
  4.70     21.78   20.50
  4.80     20.76   19.66
  4.90     19.82   18.87
  5.00     18.98   18.15
  5.10     18.23   17.49
  5.20     17.57   16.88
  5.30     16.98   16.33
  5.40     16.46   15.82
  5.50     16.00   15.35
  5.60     15.57   14.91
  5.70     15.18   14.49
  5.80     14.80   14.10
  5.90     14.43   13.71
  6.00     14.06   13.34
  6.10     13.68   12.97
  6.20     13.30   12.62
  6.30     12.90   12.27
  6.40     12.50   11.94
  6.50     12.10   11.62
  6.60     11.71   11.31
  6.70     11.33   11.02
  6.80     10.96   10.74
  6.90     10.62   10.48
  7.00     10.31   10.23
  7.10     10.01    9.98
  7.20      9.75    9.74
  7.30      9.50    9.51
  7.40      9.27    9.28
  7.50      9.06    9.06
  7.60      8.85    8.83
  7.70      8.66    8.61
  7.80      8.47    8.40
  7.90      8.29    8.19
  8.00      8.11    8.00
  8.10      7.94    7.81
  8.20      7.77    7.63
  8.30      7.61    7.46
  8.40      7.45    7.30
  8.50      7.30    7.14
  8.60      7.15    6.99
  8.70      6.99    6.82
  8.80      6.83    6.65
  8.90      6.66    6.46
  9.00      6.46    6.25
  9.10      6.25    6.01
  9.20      6.00    5.73
  9.30      5.70    5.41
  9.40      5.36    5.03
  9.50      4.97    4.60
  9.60      4.50    4.12
  9.70      3.96    3.56
  9.80      3.34    2.95
  9.90      2.64    2.27
 10.00      1.86    1.54
 10.10      1.00    0.75
 10.20      0.08   -0.08
 10.30     -0.90   -0.94
 10.40     -1.92   -1.83
 10.50     -2.95   -2.72
 10.60     -3.98   -3.62
 10.70     -4.97   -4.51
 10.80     -5.93   -5.37
 10.90     -6.83   -6.21
 11.00     -7.67   -7.03
 11.10     -8.46   -7.81
 11.20     -9.18   -8.57
 11.30     -9.87   -9.30
 11.40    -10.53  -10.02
 11.50    -11.18  -10.74
 11.60    -11.83  -11.45
 11.70    -12.51  -12.18
 11.80    -13.23  -12.92
 11.90    -14.00  -13.69
 12.00    -14.83  -14.50
 12.10    -15.73  -15.33
 12.20    -16.70  -16.19
 12.30    -17.71  -17.08
 12.40    -18.77  -17.98
 12.50    -19.84  -18.88
 12.60    -20.91  -19.78
 12.70    -21.94  -20.66
 12.80    -22.91  -21.51
 12.90    -23.81  -22.33
 13.00    -24.63  -23.10
 13.10    -25.35  -23.81
 13.20    -25.97  -24.48
 13.30    -26.51  -25.08
 13.40    -26.97  -25.63
 13.50    -27.35  -26.12
 13.60    -27.66  -26.56
 13.70    -27.92  -26.95
 13.80    -28.13  -27.28
 13.90    -28.30  -27.57
 14.00    -28.44  -27.82
The pI is 10.19 (folded) and 10.21 (unfolded)

--------------------------------------------------------------------------------------------------------
2025-12-19 19:13:24,361 INFO:biomolecule.py:797:apply_pka_values:Applying pKa values at a pH of 7.50:
2025-12-19 19:13:24,362 INFO:main.py:661:non_trivial:Adding hydrogens to biomolecule.
2025-12-19 19:13:24,470 INFO:main.py:664:non_trivial:Debumping biomolecule (again).
2025-12-19 19:13:24,600 INFO:main.py:666:non_trivial:Optimizing hydrogen bonds
2025-12-19 19:13:24,766 INFO:main.py:678:non_trivial:Applying force field to biomolecule states.
2025-12-19 19:13:24,768 INFO:main.py:725:non_trivial:Regenerating headers.
2025-12-19 19:13:24,769 INFO:main.py:750:non_trivial:Regenerating PDB lines.
2025-12-19 19:13:24,781 WARNING:main.py:326:print_pqr:Ignoring 465 header lines in output.
